<?xml version="1.0" encoding="UTF-8"?>
<!-- Generated by org.testng.reporters.JUnitReportReporter -->
<testsuite hostname="DESKTOP-D350IPJ" name="CPSAT_Sep2019.Question3_PageObjectModel" tests="1" failures="0" timestamp="18 Jan 2021 10:47:24 GMT" time="15.389" errors="0">
  <testcase name="Login" time="15.389" classname="CPSAT_Sep2019.Question3_PageObjectModel"/>
</testsuite> <!-- CPSAT_Sep2019.Question3_PageObjectModel -->
